<?xml version="1.0" encoding="UTF-8"?>
<testsuite xmlns:xsi="http://www.w3.org/2001/XMLSchema-instance" xsi:noNamespaceSchemaLocation="https://maven.apache.org/surefire/maven-surefire-plugin/xsd/surefire-test-report-3.0.xsd" version="3.0" name="edu.eci.cvds.tdd.library.LibraryTest" time="0.056" tests="3" errors="0" skipped="0" failures="1">
  <properties>
[...]
</properties>
  <testcase name="returnLoanStatusShouldBeReturned" classname="edu.eci.cvds.tdd.library.LibraryTest" time="0.033">
    <failure message="expected: &lt;RETURNED&gt; but was: &lt;ACTIVE&gt;" type="org.opentest4j.AssertionFailedError"><![CDATA[org.opentest4j.AssertionFailedError: expected: <RETURNED> but was: <ACTIVE>
	at org.junit.jupiter.api.AssertionFailureBuilder.build(AssertionFailureBuilder.java:151)
	at org.junit.jupiter.api.AssertionFailureBuilder.buildAndThrow(AssertionFailureBuilder.java:132)
	at org.junit.jupiter.api.AssertEquals.failNotEqual(AssertEquals.java:197)
	at org.junit.jupiter.api.AssertEquals.assertEquals(AssertEquals.java:182)
	at org.junit.jupiter.api.AssertEquals.assertEquals(AssertEquals.java:177)
	at org.junit.jupiter.api.Assertions.assertEquals(Assertions.java:1145)
	at edu.eci.cvds.tdd.library.LibraryTest.returnLoanStatusShouldBeReturned(LibraryTest.java:70)
	at java.base/java.lang.reflect.Method.invoke(Method.java:580)
	at java.base/java.util.ArrayList.forEach(ArrayList.java:1596)
	at java.base/java.util.ArrayList.forEach(ArrayList.java:1596)
]]></failure>
  </testcase>
  <testcase name="returnLoanNumberOfBookIncrement" classname="edu.eci.cvds.tdd.library.LibraryTest" time="0.001"/>
  <testcase name="returnLoan" classname="edu.eci.cvds.tdd.library.LibraryTest" time="0.002"/>
</testsuite>